Using pre-set license
Built from '2021.1/release' branch; Version is '2021.1.16f1 (5fa502fca597) revision 6268162'; Using compiler version '192528614'; Build Type 'Release'
OS: 'Windows 10 Home; OS build 19041.1165; Version 2004; 64bit' Language: 'en' Physical Memory: 16335 MB
BatchMode: 1, IsHumanControllingUs: 0, StartBugReporterOnCrash: 0, Is64bit: 1, IsPro: 0

 COMMAND LINE ARGUMENTS:
D:\UnityVersions\2021.1.16f1\Editor\Unity.exe
-adb2
-batchMode
-noUpm
-name
AssetImportWorker0
-projectPath
D:/TattieMultiplayer/Tattie Island Multiplayer
-logFile
Logs/AssetImportWorker0.log
-srvPort
58725
Successfully changed project path to: D:/TattieMultiplayer/Tattie Island Multiplayer
D:/TattieMultiplayer/Tattie Island Multiplayer
Using Asset Import Pipeline V2.
Refreshing native plugins compatible for Editor in 1689.47 ms, found 3 plugins.
Preloading 0 native plugins for Editor in 0.00 ms.
Initialize engine version: 2021.1.16f1 (5fa502fca597)
[Subsystems] Discovering subsystems at path D:/UnityVersions/2021.1.16f1/Editor/Data/Resources/UnitySubsystems
[Subsystems] Discovering subsystems at path D:/TattieMultiplayer/Tattie Island Multiplayer/Assets
GfxDevice: creating device client; threaded=0; jobified=0
Direct3D:
    Version:  Direct3D 11.0 [level 11.1]
    Renderer: NVIDIA GeForce GTX 970 (ID=0x13c2)
    Vendor:   NVIDIA
    VRAM:     4043 MB
    Driver:   27.21.14.5671
Initialize mono
Mono path[0] = 'D:/UnityVersions/2021.1.16f1/Editor/Data/Managed'
Mono path[1] = 'D:/UnityVersions/2021.1.16f1/Editor/Data/MonoBleedingEdge/lib/mono/unityjit'
Mono config path = 'D:/UnityVersions/2021.1.16f1/Editor/Data/MonoBleedingEdge/etc'
Using monoOptions --debugger-agent=transport=dt_socket,embedding=1,server=y,suspend=n,address=127.0.0.1:56920
Begin MonoManager ReloadAssembly
Registering precompiled unity dll's ...
Register platform support module: D:/UnityVersions/2021.1.16f1/Editor/Data/PlaybackEngines/WindowsStandaloneSupport/UnityEditor.WindowsStandalone.Extensions.dll
Registered in 0.002060 seconds.
Native extension for WindowsStandalone target not found
Refreshing native plugins compatible for Editor in 106.69 ms, found 3 plugins.
Preloading 0 native plugins for Editor in 0.00 ms.
Mono: successfully reloaded assembly
- Completed reload, in  5.433 seconds
Domain Reload Profiling:
	ReloadAssembly (5433ms)
		BeginReloadAssembly (133ms)
			ExecutionOrderSort (0ms)
			DisableScriptedObjects (0ms)
			BackupInstance (0ms)
			ReleaseScriptingObjects (0ms)
			CreateAndSetChildDomain (1ms)
		EndReloadAssembly (486ms)
			LoadAssemblies (133ms)
			RebuildTransferFunctionScriptingTraits (0ms)
			SetupTypeCache (174ms)
			ReleaseScriptCaches (0ms)
			RebuildScriptCaches (30ms)
			SetupLoadedEditorAssemblies (239ms)
				LogAssemblyErrors (0ms)
				InitializePlatformSupportModulesInManaged (6ms)
				SetLoadedEditorAssemblies (0ms)
				RefreshPlugins (107ms)
				BeforeProcessingInitializeOnLoad (2ms)
				ProcessInitializeOnLoadAttributes (94ms)
				ProcessInitializeOnLoadMethodAttributes (30ms)
				AfterProcessingInitializeOnLoad (0ms)
				EditorAssembliesLoaded (0ms)
			ExecutionOrderSort2 (0ms)
			AwakeInstancesAfterBackupRestoration (0ms)
Platform modules already initialized, skipping
Registering precompiled user dll's ...
Registered in 0.015257 seconds.
Begin MonoManager ReloadAssembly
Symbol file LoadedFromMemory doesn't match image D:\TattieMultiplayer\Tattie Island Multiplayer\Library\PackageCache\com.unity.visualscripting@1.6.1\Editor\VisualScripting.Core\Dependencies\YamlDotNet\Unity.VisualScripting.YamlDotNet.dll
Symbol file LoadedFromMemory doesn't match image D:\TattieMultiplayer\Tattie Island Multiplayer\Library\PackageCache\com.unity.visualscripting@1.6.1\Editor\VisualScripting.Core\Dependencies\DotNetZip\Unity.VisualScripting.IonicZip.dll
Native extension for WindowsStandalone target not found
Refreshing native plugins compatible for Editor in 104.92 ms, found 3 plugins.
Preloading 0 native plugins for Editor in 0.00 ms.
Mono: successfully reloaded assembly
- Completed reload, in  1.872 seconds
Domain Reload Profiling:
	ReloadAssembly (1873ms)
		BeginReloadAssembly (206ms)
			ExecutionOrderSort (0ms)
			DisableScriptedObjects (5ms)
			BackupInstance (0ms)
			ReleaseScriptingObjects (0ms)
			CreateAndSetChildDomain (20ms)
		EndReloadAssembly (1610ms)
			LoadAssemblies (401ms)
			RebuildTransferFunctionScriptingTraits (0ms)
			SetupTypeCache (537ms)
			ReleaseScriptCaches (1ms)
			RebuildScriptCaches (62ms)
			SetupLoadedEditorAssemblies (580ms)
				LogAssemblyErrors (0ms)
				InitializePlatformSupportModulesInManaged (4ms)
				SetLoadedEditorAssemblies (0ms)
				RefreshPlugins (105ms)
				BeforeProcessingInitializeOnLoad (86ms)
				ProcessInitializeOnLoadAttributes (373ms)
				ProcessInitializeOnLoadMethodAttributes (7ms)
				AfterProcessingInitializeOnLoad (4ms)
				EditorAssembliesLoaded (0ms)
			ExecutionOrderSort2 (0ms)
			AwakeInstancesAfterBackupRestoration (7ms)
Platform modules already initialized, skipping
========================================================================
Worker process is ready to serve import requests
Launched and connected shader compiler UnityShaderCompiler.exe after 0.18 seconds
Refreshing native plugins compatible for Editor in 0.97 ms, found 3 plugins.
Preloading 0 native plugins for Editor in 0.00 ms.
Unloading 4844 Unused Serialized files (Serialized files now loaded: 0)
System memory in use before: 186.4 MB.
System memory in use after: 186.2 MB.

Unloading 39 unused Assets to reduce memory usage. Loaded Objects now: 5281.
Total: 4.345500 ms (FindLiveObjects: 0.468700 ms CreateObjectMapping: 0.206900 ms MarkObjects: 3.492300 ms  DeleteObjects: 0.176400 ms)

AssetImportParameters requested are different than current active one (requested -> active):
  custom:framework-win-MediaFoundation: 216162199b28c13a410421893ffa2e32 -> 
  custom:video-decoder-ogg-theora: a1e56fd34408186e4bbccfd4996cb3dc -> 
  custom:container-muxer-webm: aa71ff27fc2769a1b78a27578f13a17b -> 
  custom:container-demuxer-webm: 4f35f7cbe854078d1ac9338744f61a02 -> 
  custom:container-demuxer-ogg: 62fdf1f143b41e24485cea50d1cbac27 -> 
  custom:video-encoder-webm-vp8: eb34c28f22e8b96e1ab97ce403110664 -> 
  custom:video-decoder-webm-vp8: 9c59270c3fd7afecdb556c50c9e8de78 -> 
  custom:audio-decoder-ogg-vorbis: bf7c407c2cedff20999df2af8eb42d56 -> 
  custom:audio-encoder-webm-vorbis: bf7c407c2cedff20999df2af8eb42d56 -> 
========================================================================
Received Import Request.
  path: Assets/Animation/Animations/Combat/Warrior_attack_v02.anim
  artifactKey: Guid(27fecc8afaca3e34b874a8dc302d2408) Importer(815301076,1909f56bfc062723c751e8b465ee728b)
Start importing Assets/Animation/Animations/Combat/Warrior_attack_v02.anim using Guid(27fecc8afaca3e34b874a8dc302d2408) Importer(815301076,1909f56bfc062723c751e8b465ee728b)  -> (artifact id: '3d3c950396ab62609f0d04e8bdc2e385') in 0.369762 seconds 
========================================================================
Received Import Request.
  Time since last request: 8.602157 seconds.
  path: Assets/Animation/Animations/Combat/Warrior_attack.fbx
  artifactKey: Guid(b23fb28c861ab8a41bf66b6274cfa0fc) Importer(815301076,1909f56bfc062723c751e8b465ee728b)
Start importing Assets/Animation/Animations/Combat/Warrior_attack.fbx using Guid(b23fb28c861ab8a41bf66b6274cfa0fc) Importer(815301076,1909f56bfc062723c751e8b465ee728b)  -> (artifact id: '75adadbb3c3fbd0ecf3d31881e5b2693') in 0.034994 seconds 
========================================================================
Received Import Request.
  Time since last request: 4.168138 seconds.
  path: Assets/Animation/Animations/Combat/Warrior_attack.fbx
  artifactKey: Guid(b23fb28c861ab8a41bf66b6274cfa0fc) Importer(815301076,1909f56bfc062723c751e8b465ee728b)
Start importing Assets/Animation/Animations/Combat/Warrior_attack.fbx using Guid(b23fb28c861ab8a41bf66b6274cfa0fc) Importer(815301076,1909f56bfc062723c751e8b465ee728b)  -> (artifact id: '0268c1228c539e689c9620ae8b37bc23') in 0.013135 seconds 
========================================================================
Received Import Request.
  Time since last request: 10.583848 seconds.
  path: Assets/Animation/Animations/Combat/Warrior_attack.fbx
  artifactKey: Guid(b23fb28c861ab8a41bf66b6274cfa0fc) Importer(815301076,1909f56bfc062723c751e8b465ee728b)
Start importing Assets/Animation/Animations/Combat/Warrior_attack.fbx using Guid(b23fb28c861ab8a41bf66b6274cfa0fc) Importer(815301076,1909f56bfc062723c751e8b465ee728b)  -> (artifact id: 'a777d1fff66ad2dde5e7c37d234e03b3') in 0.012483 seconds 
========================================================================
Received Import Request.
  Time since last request: 13.399939 seconds.
  path: Assets/Animation/Animations/Combat/Warrior_attack_v02.anim
  artifactKey: Guid(27fecc8afaca3e34b874a8dc302d2408) Importer(815301076,1909f56bfc062723c751e8b465ee728b)
Start importing Assets/Animation/Animations/Combat/Warrior_attack_v02.anim using Guid(27fecc8afaca3e34b874a8dc302d2408) Importer(815301076,1909f56bfc062723c751e8b465ee728b)  -> (artifact id: 'c48c9fec9b52ebc57348d723e88b60bd') in 0.019246 seconds 
AssetImportWorkerClient::OnTransportError - code=2 error=End of file
